
  You can now view your Streamlit app in your browser.

  Local URL: http://localhost:8501
  Network URL: http://10.52.88.33:8501
  External URL: http://41.137.204.12:8501

[I 2025-04-30 17:26:48.214 ServerApp] jupyter_lsp | extension was successfully linked.
[I 2025-04-30 17:26:48.218 ServerApp] jupyter_server_terminals | extension was successfully linked.
[W 2025-04-30 17:26:48.219 LabApp] 'token' has moved from NotebookApp to ServerApp. This config will be passed to ServerApp. Be sure to update your config before our next release.
[W 2025-04-30 17:26:48.219 LabApp] 'password' has moved from NotebookApp to ServerApp. This config will be passed to ServerApp. Be sure to update your config before our next release.
[W 2025-04-30 17:26:48.223 ServerApp] ServerApp.token config is deprecated in 2.0. Use IdentityProvider.token.
[I 2025-04-30 17:26:48.223 ServerApp] jupyterlab | extension was successfully linked.
[I 2025-04-30 17:26:48.230 ServerApp] notebook | extension was successfully linked.
[I 2025-04-30 17:26:48.427 ServerApp] notebook_shim | extension was successfully linked.
[W 2025-04-30 17:26:48.461 ServerApp] All authentication is disabled.  Anyone who can connect to this server will be able to run code.
[I 2025-04-30 17:26:48.462 ServerApp] notebook_shim | extension was successfully loaded.
[I 2025-04-30 17:26:48.463 ServerApp] jupyter_lsp | extension was successfully loaded.
[I 2025-04-30 17:26:48.464 ServerApp] jupyter_server_terminals | extension was successfully loaded.
[I 2025-04-30 17:26:48.467 LabApp] JupyterLab extension loaded from /home/biolab-office-1/DATALAB/DEV/GeneLM/webtool/venv/lib/python3.12/site-packages/jupyterlab
[I 2025-04-30 17:26:48.467 LabApp] JupyterLab application directory is /home/biolab-office-1/DATALAB/DEV/GeneLM/webtool/venv/share/jupyter/lab
[I 2025-04-30 17:26:48.467 LabApp] Extension Manager is 'pypi'.
[I 2025-04-30 17:26:48.506 ServerApp] jupyterlab | extension was successfully loaded.
[I 2025-04-30 17:26:48.508 ServerApp] notebook | extension was successfully loaded.
[I 2025-04-30 17:26:48.509 ServerApp] Serving notebooks from local directory: /home/biolab-office-1/DATALAB/DEV/GeneLM/webtool/developer-lab
[I 2025-04-30 17:26:48.509 ServerApp] Jupyter Server 2.15.0 is running at:
[I 2025-04-30 17:26:48.509 ServerApp] http://127.0.0.1:8502/lab
[I 2025-04-30 17:26:48.509 ServerApp]     http://127.0.0.1:8502/lab
[I 2025-04-30 17:26:48.509 ServerApp] Use Control-C to stop this server and shut down all kernels (twice to skip confirmation).
[I 2025-04-30 17:26:48.897 ServerApp] Skipped non-installed server(s): bash-language-server, dockerfile-language-server-nodejs, javascript-typescript-langserver, jedi-language-server, julia-language-server, pyright, python-language-server, python-lsp-server, r-languageserver, sql-language-server, texlab, typescript-language-server, unified-language-server, vscode-css-languageserver-bin, vscode-html-languageserver-bin, vscode-json-languageserver-bin, yaml-language-server
[I 2025-04-30 17:26:50.546 ServerApp] 302 GET / (@127.0.0.1) 1.27ms
[W 2025-04-30 17:26:51.947 LabApp] Could not determine jupyterlab build status without nodejs
[W 2025-04-30 17:26:52.282 ServerApp] 404 GET /api/contents/03-overfiting-risk.ipynb?content=0&hash=0&1746030412273 (012317caab724e589cfbdfdf9b7718f0@127.0.0.1) 2.11ms referer=http://localhost:8502/lab?
[W 2025-04-30 17:26:52.282 ServerApp] 404 GET /api/contents/03-overfiting-risk.ipynb?content=0&hash=0&1746030412273 (127.0.0.1): No such file or directory: 03-overfiting-risk.ipynb
[W 2025-04-30 17:26:52.284 ServerApp] 404 GET /api/contents/01-upstreaam-disruption-analysis.ipynb?content=0&hash=0&1746030412274 (012317caab724e589cfbdfdf9b7718f0@127.0.0.1) 1.33ms referer=http://localhost:8502/lab?
[W 2025-04-30 17:26:52.284 ServerApp] 404 GET /api/contents/01-upstreaam-disruption-analysis.ipynb?content=0&hash=0&1746030412274 (127.0.0.1): No such file or directory: 01-upstreaam-disruption-analysis.ipynb
[W 2025-04-30 17:26:52.285 ServerApp] 404 GET /api/contents/inference-cost.ipynb?content=0&hash=0&1746030412274 (012317caab724e589cfbdfdf9b7718f0@127.0.0.1) 1.63ms referer=http://localhost:8502/lab?
[W 2025-04-30 17:26:52.285 ServerApp] 404 GET /api/contents/inference-cost.ipynb?content=0&hash=0&1746030412274 (127.0.0.1): No such file or directory: inference-cost.ipynb
[W 2025-04-30 17:26:52.286 ServerApp] 404 GET /api/contents/Untitled.ipynb?content=0&hash=0&1746030412273 (012317caab724e589cfbdfdf9b7718f0@127.0.0.1) 0.67ms referer=http://localhost:8502/lab?
[W 2025-04-30 17:26:52.286 ServerApp] 404 GET /api/contents/Untitled.ipynb?content=0&hash=0&1746030412273 (127.0.0.1): No such file or directory: Untitled.ipynb
[W 2025-04-30 17:26:52.293 ServerApp] 404 GET /api/contents/upstreaam-disruption-analysis.ipynb?content=0&hash=0&1746030412274 (012317caab724e589cfbdfdf9b7718f0@127.0.0.1) 1.18ms referer=http://localhost:8502/lab?
[W 2025-04-30 17:26:52.293 ServerApp] 404 GET /api/contents/upstreaam-disruption-analysis.ipynb?content=0&hash=0&1746030412274 (127.0.0.1): No such file or directory: upstreaam-disruption-analysis.ipynb
[W 2025-04-30 17:26:52.296 ServerApp] 404 GET /api/contents/inference-cost.ipynb?content=0&hash=0&1746030412274 (012317caab724e589cfbdfdf9b7718f0@127.0.0.1) 1.95ms referer=http://localhost:8502/lab?
[W 2025-04-30 17:26:52.296 ServerApp] 404 GET /api/contents/inference-cost.ipynb?content=0&hash=0&1746030412274 (127.0.0.1): No such file or directory: inference-cost.ipynb
[I 2025-04-30 17:26:53.904 ServerApp] Kernel started: 7523d3f8-9575-49fe-8a06-d2a6a4410244
[I 2025-04-30 17:26:53.925 ServerApp] Kernel started: 23c7956f-c1c6-412d-bbab-505375b81315
[I 2025-04-30 17:26:53.925 ServerApp] Kernel started: f46df6fe-6d53-4ab4-a8d5-4042a4814458
[I 2025-04-30 17:26:55.051 ServerApp] Connecting to kernel f46df6fe-6d53-4ab4-a8d5-4042a4814458.
[I 2025-04-30 17:26:55.109 ServerApp] Starting buffering for f46df6fe-6d53-4ab4-a8d5-4042a4814458:d83ab0df-a7ca-4c2c-971a-a33255f2f67b
[I 2025-04-30 17:26:56.013 ServerApp] Connecting to kernel 7523d3f8-9575-49fe-8a06-d2a6a4410244.
[I 2025-04-30 17:26:56.327 ServerApp] Connecting to kernel 23c7956f-c1c6-412d-bbab-505375b81315.
[I 2025-04-30 17:26:56.341 ServerApp] Connecting to kernel f46df6fe-6d53-4ab4-a8d5-4042a4814458.
[I 2025-04-30 17:26:56.358 ServerApp] Connecting to kernel f46df6fe-6d53-4ab4-a8d5-4042a4814458.
[W 2025-04-30 17:28:44.132 ServerApp] 404 GET /api/contents/data2-genome/bacteria-1.fasta?content=0&hash=0&1746030524129 (012317caab724e589cfbdfdf9b7718f0@127.0.0.1) 0.99ms referer=http://localhost:8502/lab/tree/__files__/results
[W 2025-04-30 17:28:44.132 ServerApp] 404 GET /api/contents/data2-genome/bacteria-1.fasta?content=0&hash=0&1746030524129 (127.0.0.1): No such file or directory: data2-genome/bacteria-1.fasta
[I 2025-04-30 17:28:53.576 ServerApp] Saving file at /02-inference-cost.ipynb
[W 2025-04-30 17:29:07.861 ServerApp] 404 GET /api/contents/data2-genome/bacteria-3.fasta?content=0&hash=0&1746030547856 (012317caab724e589cfbdfdf9b7718f0@127.0.0.1) 1.12ms referer=http://localhost:8502/lab/tree/__files__/results
[W 2025-04-30 17:29:07.861 ServerApp] 404 GET /api/contents/data2-genome/bacteria-3.fasta?content=0&hash=0&1746030547856 (127.0.0.1): No such file or directory: data2-genome/bacteria-3.fasta
[W 2025-04-30 17:29:07.862 ServerApp] 404 GET /api/contents/data2-genome/bacteria-2.fasta?content=0&hash=0&1746030547856 (012317caab724e589cfbdfdf9b7718f0@127.0.0.1) 1.03ms referer=http://localhost:8502/lab/tree/__files__/results
[W 2025-04-30 17:29:07.863 ServerApp] 404 GET /api/contents/data2-genome/bacteria-2.fasta?content=0&hash=0&1746030547856 (127.0.0.1): No such file or directory: data2-genome/bacteria-2.fasta
[I 2025-04-30 17:29:44.896 ServerApp] AsyncIOLoopKernelRestarter: restarting kernel (1/5), keep random ports
[W 2025-04-30 17:29:44.896 ServerApp] kernel 23c7956f-c1c6-412d-bbab-505375b81315 restarted
[I 2025-04-30 17:29:44.902 ServerApp] Starting buffering for 23c7956f-c1c6-412d-bbab-505375b81315:acde166b-534d-4dcd-a032-dfc6836c0d2a
[I 2025-04-30 17:29:44.921 ServerApp] Connecting to kernel 23c7956f-c1c6-412d-bbab-505375b81315.
[I 2025-04-30 17:29:44.921 ServerApp] Restoring connection for 23c7956f-c1c6-412d-bbab-505375b81315:acde166b-534d-4dcd-a032-dfc6836c0d2a
[W 2025-04-30 17:30:22.008 ServerApp] 404 GET /api/contents/data2-genome/bacteria-2.fasta?content=0&hash=0&1746030622005 (012317caab724e589cfbdfdf9b7718f0@127.0.0.1) 1.01ms referer=http://localhost:8502/lab
[W 2025-04-30 17:30:22.008 ServerApp] 404 GET /api/contents/data2-genome/bacteria-2.fasta?content=0&hash=0&1746030622005 (127.0.0.1): No such file or directory: data2-genome/bacteria-2.fasta
[I 2025-04-30 17:30:53.937 ServerApp] Saving file at /02-inference-cost.ipynb
[I 2025-04-30 17:34:32.910 ServerApp] AsyncIOLoopKernelRestarter: restarting kernel (1/5), keep random ports
[W 2025-04-30 17:34:32.910 ServerApp] kernel 23c7956f-c1c6-412d-bbab-505375b81315 restarted
[I 2025-04-30 17:34:32.916 ServerApp] Starting buffering for 23c7956f-c1c6-412d-bbab-505375b81315:acde166b-534d-4dcd-a032-dfc6836c0d2a
[I 2025-04-30 17:34:32.938 ServerApp] Connecting to kernel 23c7956f-c1c6-412d-bbab-505375b81315.
[I 2025-04-30 17:34:32.938 ServerApp] Restoring connection for 23c7956f-c1c6-412d-bbab-505375b81315:acde166b-534d-4dcd-a032-dfc6836c0d2a
[I 2025-04-30 17:34:37.767 ServerApp] Kernel restarted: 23c7956f-c1c6-412d-bbab-505375b81315
[I 2025-04-30 17:34:37.774 ServerApp] Starting buffering for 23c7956f-c1c6-412d-bbab-505375b81315:acde166b-534d-4dcd-a032-dfc6836c0d2a
[I 2025-04-30 17:34:37.779 ServerApp] Connecting to kernel 23c7956f-c1c6-412d-bbab-505375b81315.
[I 2025-04-30 17:34:37.779 ServerApp] Restoring connection for 23c7956f-c1c6-412d-bbab-505375b81315:acde166b-534d-4dcd-a032-dfc6836c0d2a
[I 2025-04-30 17:34:54.134 ServerApp] Saving file at /02-inference-cost.ipynb
[I 2025-04-30 17:35:26.759 ServerApp] Kernel restarted: 23c7956f-c1c6-412d-bbab-505375b81315
[I 2025-04-30 17:35:26.765 ServerApp] Starting buffering for 23c7956f-c1c6-412d-bbab-505375b81315:acde166b-534d-4dcd-a032-dfc6836c0d2a
[I 2025-04-30 17:35:26.769 ServerApp] Connecting to kernel 23c7956f-c1c6-412d-bbab-505375b81315.
[I 2025-04-30 17:35:26.770 ServerApp] Restoring connection for 23c7956f-c1c6-412d-bbab-505375b81315:acde166b-534d-4dcd-a032-dfc6836c0d2a
[I 2025-04-30 17:36:54.308 ServerApp] Saving file at /02-inference-cost.ipynb
[I 2025-04-30 21:52:00.123 ServerApp] Saving file at /02-inference-cost.ipynb
[I 2025-05-02 09:19:05.750 ServerApp] AsyncIOLoopKernelRestarter: restarting kernel (1/5), keep random ports
[W 2025-05-02 09:19:05.750 ServerApp] kernel 23c7956f-c1c6-412d-bbab-505375b81315 restarted
[I 2025-05-02 09:19:05.846 ServerApp] Starting buffering for 23c7956f-c1c6-412d-bbab-505375b81315:acde166b-534d-4dcd-a032-dfc6836c0d2a
[I 2025-05-02 09:19:05.867 ServerApp] Connecting to kernel 23c7956f-c1c6-412d-bbab-505375b81315.
[I 2025-05-02 09:19:05.867 ServerApp] Restoring connection for 23c7956f-c1c6-412d-bbab-505375b81315:acde166b-534d-4dcd-a032-dfc6836c0d2a
[I 2025-05-02 09:20:57.617 ServerApp] Starting buffering for f46df6fe-6d53-4ab4-a8d5-4042a4814458:ea7570f0-7acb-442b-b421-a2b745c1facf
[I 2025-05-02 09:20:59.583 ServerApp] Connecting to kernel f46df6fe-6d53-4ab4-a8d5-4042a4814458.
[I 2025-05-02 09:33:26.323 ServerApp] Saving file at /02-inference-cost.ipynb
[I 2025-05-02 09:34:25.202 ServerApp] Starting buffering for 7523d3f8-9575-49fe-8a06-d2a6a4410244:a9621ef6-8dde-4e37-9864-97effd5c2984
[I 2025-05-02 09:35:26.478 ServerApp] Saving file at /02-inference-cost.ipynb
[I 2025-05-02 10:10:13.085 ServerApp] Connecting to kernel 7523d3f8-9575-49fe-8a06-d2a6a4410244.
[I 2025-05-02 10:10:26.508 ServerApp] Kernel restarted: 7523d3f8-9575-49fe-8a06-d2a6a4410244
[I 2025-05-02 10:10:26.512 ServerApp] Starting buffering for 7523d3f8-9575-49fe-8a06-d2a6a4410244:bf813818-ebd6-4f67-83ff-f8fa86c46d7f
[I 2025-05-02 10:10:26.517 ServerApp] Connecting to kernel 7523d3f8-9575-49fe-8a06-d2a6a4410244.
[I 2025-05-02 10:10:26.517 ServerApp] Restoring connection for 7523d3f8-9575-49fe-8a06-d2a6a4410244:bf813818-ebd6-4f67-83ff-f8fa86c46d7f
[I 2025-05-02 10:12:12.968 ServerApp] Saving file at /03-overfitting-risk.ipynb
[I 2025-05-02 10:14:13.131 ServerApp] Saving file at /03-overfitting-risk.ipynb
[I 2025-05-02 10:16:13.290 ServerApp] Saving file at /03-overfitting-risk.ipynb
[I 2025-05-02 10:20:13.507 ServerApp] Saving file at /03-overfitting-risk.ipynb
[I 2025-05-02 10:22:13.672 ServerApp] Saving file at /03-overfitting-risk.ipynb
[I 2025-05-02 10:24:13.890 ServerApp] Saving file at /03-overfitting-risk.ipynb
[I 2025-05-02 10:25:09.011 ServerApp] Kernel restarted: 7523d3f8-9575-49fe-8a06-d2a6a4410244
[I 2025-05-02 10:25:09.015 ServerApp] Starting buffering for 7523d3f8-9575-49fe-8a06-d2a6a4410244:bf813818-ebd6-4f67-83ff-f8fa86c46d7f
[I 2025-05-02 10:25:09.019 ServerApp] Connecting to kernel 7523d3f8-9575-49fe-8a06-d2a6a4410244.
[I 2025-05-02 10:25:09.019 ServerApp] Restoring connection for 7523d3f8-9575-49fe-8a06-d2a6a4410244:bf813818-ebd6-4f67-83ff-f8fa86c46d7f
[I 2025-05-02 10:26:14.130 ServerApp] Saving file at /03-overfitting-risk.ipynb
[I 2025-05-02 10:27:32.644 ServerApp] Saving file at /03-overfitting-risk.ipynb
[I 2025-05-02 10:27:32.867 ServerApp] Saving file at /03-overfitting-risk.ipynb
[I 2025-05-02 10:27:33.140 ServerApp] Saving file at /03-overfitting-risk.ipynb
[I 2025-05-02 10:49:32.828 ServerApp] Saving file at /03-overfitting-risk.ipynb
[I 2025-05-02 16:33:45.791 ServerApp] Starting buffering for 7523d3f8-9575-49fe-8a06-d2a6a4410244:bf813818-ebd6-4f67-83ff-f8fa86c46d7f
[I 2025-05-02 16:33:48.533 ServerApp] Connecting to kernel 7523d3f8-9575-49fe-8a06-d2a6a4410244.
[I 2025-05-02 16:36:12.858 ServerApp] Starting buffering for 7523d3f8-9575-49fe-8a06-d2a6a4410244:26540cd2-8146-47c2-83bf-98738db30c8d
[I 2025-05-02 16:36:14.837 ServerApp] Starting buffering for 23c7956f-c1c6-412d-bbab-505375b81315:acde166b-534d-4dcd-a032-dfc6836c0d2a
[I 2025-05-02 16:36:14.838 ServerApp] Starting buffering for f46df6fe-6d53-4ab4-a8d5-4042a4814458:b8e0d7e0-7941-4ca5-8ddb-1c099a68851a
[I 2025-05-02 16:36:17.483 ServerApp] Connecting to kernel 7523d3f8-9575-49fe-8a06-d2a6a4410244.
[I 2025-05-02 16:36:17.497 ServerApp] Connecting to kernel 23c7956f-c1c6-412d-bbab-505375b81315.
[I 2025-05-02 16:36:17.511 ServerApp] Connecting to kernel f46df6fe-6d53-4ab4-a8d5-4042a4814458.
[I 2025-05-02 16:36:17.700 ServerApp] Starting buffering for 7523d3f8-9575-49fe-8a06-d2a6a4410244:d89a0017-8870-45fd-a850-f4c2a20d1a5b
[I 2025-05-02 16:36:17.701 ServerApp] Starting buffering for 23c7956f-c1c6-412d-bbab-505375b81315:3225eb5d-70a8-41c2-b5c3-f5c1308cdebc
[I 2025-05-02 16:36:17.701 ServerApp] Starting buffering for f46df6fe-6d53-4ab4-a8d5-4042a4814458:cc3ac612-2617-4c8f-b650-89081e1b22de
[W 2025-05-02 16:36:17.781 ServerApp] 404 GET /api/contents/03-overfitting-risk.ipynb?content=0&hash=0&1746200177766 (012317caab724e589cfbdfdf9b7718f0@127.0.0.1) 3.13ms referer=http://localhost:8502/lab/tree/inference_performance_benchmarck-NVIDIA%20A100-SXM4-80GB.csv
[W 2025-05-02 16:36:17.781 ServerApp] 404 GET /api/contents/03-overfitting-risk.ipynb?content=0&hash=0&1746200177766 (127.0.0.1): No such file or directory: 03-overfitting-risk.ipynb
[W 2025-05-02 16:36:17.794 ServerApp] 404 GET /api/contents/03-overfitting-risk.ipynb?content=0&hash=0&1746200177767 (012317caab724e589cfbdfdf9b7718f0@127.0.0.1) 4.11ms referer=http://localhost:8502/lab/tree/inference_performance_benchmarck-NVIDIA%20A100-SXM4-80GB.csv
[W 2025-05-02 16:36:17.795 ServerApp] 404 GET /api/contents/03-overfitting-risk.ipynb?content=0&hash=0&1746200177767 (127.0.0.1): No such file or directory: 03-overfitting-risk.ipynb
[I 2025-05-02 16:36:18.555 ServerApp] Connecting to kernel 23c7956f-c1c6-412d-bbab-505375b81315.
[I 2025-05-02 16:36:18.572 ServerApp] Connecting to kernel f46df6fe-6d53-4ab4-a8d5-4042a4814458.
[W 2025-05-02 16:36:19.568 LabApp] Could not determine jupyterlab build status without nodejs
[W 2025-05-02 16:36:49.005 ServerApp] Notebook 03-overfitting-risk.ipynb is not trusted
[I 2025-05-02 16:36:49.151 ServerApp] Connecting to kernel 7523d3f8-9575-49fe-8a06-d2a6a4410244.
[I 2025-05-02 16:38:49.096 ServerApp] Saving file at /03-overfitting-risk.ipynb
[W 2025-05-02 16:38:49.097 ServerApp] Notebook 03-overfitting-risk.ipynb is not trusted
[I 2025-05-02 16:40:40.840 ServerApp] New terminal with automatic name: 1
[I 2025-05-02 16:42:53.142 ServerApp] Saving file at /01-disruption-analysis.ipynb
[I 2025-05-02 16:43:12.989 ServerApp] Saving file at /01-disruption-analysis.ipynb
[I 2025-05-02 16:43:15.487 ServerApp] Starting buffering for f46df6fe-6d53-4ab4-a8d5-4042a4814458:7a12025e-5a2d-4c5c-a2ce-69b29b75486d
[I 2025-05-02 16:43:19.986 ServerApp] Starting buffering for 7523d3f8-9575-49fe-8a06-d2a6a4410244:1203081a-40f4-4863-a730-497eb53975a2
[I 2025-05-02 16:53:00.102 ServerApp] Saving file at /02-inference-cost.ipynb
[I 2025-05-02 16:55:00.460 ServerApp] Saving file at /02-inference-cost.ipynb
[I 2025-05-02 17:01:01.093 ServerApp] Saving file at /02-inference-cost.ipynb
[I 2025-05-02 17:03:01.287 ServerApp] Saving file at /02-inference-cost.ipynb
[I 2025-05-02 17:05:01.479 ServerApp] Saving file at /02-inference-cost.ipynb
[I 2025-05-02 17:09:02.094 ServerApp] Saving file at /02-inference-cost.ipynb
[I 2025-05-02 17:09:56.892 ServerApp] Connecting to kernel f46df6fe-6d53-4ab4-a8d5-4042a4814458.
[I 2025-05-02 17:10:00.569 ServerApp] Starting buffering for f46df6fe-6d53-4ab4-a8d5-4042a4814458:0b439ab6-d7ee-47f1-9875-cf3e58a97207
[I 2025-05-02 17:11:02.430 ServerApp] Saving file at /02-inference-cost.ipynb
[I 2025-05-02 17:13:02.658 ServerApp] Saving file at /02-inference-cost.ipynb
[I 2025-05-02 17:17:03.096 ServerApp] Saving file at /02-inference-cost.ipynb
[I 2025-05-02 17:23:05.095 ServerApp] Saving file at /02-inference-cost.ipynb
[I 2025-05-02 17:25:06.098 ServerApp] Saving file at /02-inference-cost.ipynb
[I 2025-05-02 17:27:07.104 ServerApp] Saving file at /02-inference-cost.ipynb
[I 2025-05-02 17:31:08.102 ServerApp] Saving file at /02-inference-cost.ipynb
[I 2025-05-02 17:33:09.102 ServerApp] Saving file at /02-inference-cost.ipynb
[I 2025-05-02 17:39:11.111 ServerApp] Saving file at /02-inference-cost.ipynb
[I 2025-05-02 17:49:14.112 ServerApp] Saving file at /02-inference-cost.ipynb
[I 2025-05-02 17:51:14.376 ServerApp] Saving file at /02-inference-cost.ipynb
[I 2025-05-02 17:53:14.614 ServerApp] Saving file at /02-inference-cost.ipynb
[I 2025-05-02 17:54:48.411 ServerApp] Saving file at /02-inference-cost.ipynb
[I 2025-05-02 18:04:58.096 ServerApp] Saving file at /02-inference-cost.ipynb
[I 2025-05-02 18:04:58.450 ServerApp] Saving file at /02-inference-cost.ipynb
